<html>
<head>
<title>TestNG:  Ugovori validacije</title>
<link href="../testng.css" rel="stylesheet" type="text/css" />
<link href="../my-testng.css" rel="stylesheet" type="text/css" />

<style type="text/css">
.log { display: none;} 
.stack-trace { display: none;} 
</style>
<script type="text/javascript">
<!--
function flip(e) {
  current = e.style.display;
  if (current == 'block') {
    e.style.display = 'none';
    return 0;
  }
  else {
    e.style.display = 'block';
    return 1;
  }
}

function toggleBox(szDivId, elem, msg1, msg2)
{
  var res = -1;  if (document.getElementById) {
    res = flip(document.getElementById(szDivId));
  }
  else if (document.all) {
    // this is the way old msie versions work
    res = flip(document.all[szDivId]);
  }
  if(elem) {
    if(res == 0) elem.innerHTML = msg1; else elem.innerHTML = msg2;
  }

}

function toggleAllBoxes() {
  if (document.getElementsByTagName) {
    d = document.getElementsByTagName('div');
    for (i = 0; i < d.length; i++) {
      if (d[i].className == 'log') {
        flip(d[i]);
      }
    }
  }
}

// -->
</script>

</head>
<body>
<h2 align='center'>Ugovori validacije</h2><table border='1' align="center">
<tr>
<td>Tests passed/Failed/Skipped:</td><td>8/1/0</td>
</tr><tr>
<td>Started on:</td><td>Sat Dec 12 08:24:19 CET 2020</td>
</tr>
<tr><td>Total time:</td><td>517 seconds (517677 ms)</td>
</tr><tr>
<td>Included groups:</td><td></td>
</tr><tr>
<td>Excluded groups:</td><td></td>
</tr>
</table><p/>
<small><i>(Hover the method name to see the test class name)</i></small><p/>
<table width='100%' border='1' class='invocation-failed'>
<tr><td colspan='4' align='center'><b>FAILED TESTS</b></td></tr>
<tr><td><b>Test method</b></td>
<td width="30%"><b>Exception</b></td>
<td width="10%"><b>Time (seconds)</b></td>
<td><b>Instance</b></td>
</tr>
<tr>
<td title='com.platformX.tests.QA_020_Neuspjesno_Dodavanje_Ugovora_Test7.qa_020_nesupjesno_dodavanje_ugovora_test7()'><b>qa_020_nesupjesno_dodavanje_ugovora_test7</b><br>Test class: com.platformX.tests.QA_020_Neuspjesno_Dodavanje_Ugovora_Test7</td>
<td><div><pre>org.openqa.selenium.TimeoutException: Expected condition failed: waiting for visibility of [[ChromeDriver: chrome on XP (be75133ee755ad98edfc6bdd3c064c2a)] -&gt; xpath: //body/div/div[10]/div/div/div] (tried for 30 second(s) with 500 milliseconds interval)
Build info: version: &apos;3.14.0&apos;, revision: &apos;aacccce0&apos;, time: &apos;2018-08-02T20:19:58.91Z&apos;
System info: host: &apos;LAPTOP-D8GBQRP8&apos;, ip: &apos;192.168.88.35&apos;, os.name: &apos;Windows 10&apos;, os.arch: &apos;amd64&apos;, os.version: &apos;10.0&apos;, java.version: &apos;1.8.0_261&apos;
Driver info: org.openqa.selenium.chrome.ChromeDriver
Capabilities {acceptInsecureCerts: false, acceptSslCerts: false, applicationCacheEnabled: false, browserConnectionEnabled: false, browserName: chrome, chrome: {chromedriverVersion: 2.42.591088 (7b2b2dca23cca0..., userDataDir: C:\Users\User\AppData\Local...}, cssSelectorsEnabled: true, databaseEnabled: false, goog:chromeOptions: {debuggerAddress: localhost:50294}, handlesAlerts: true, hasTouchScreen: false, javascriptEnabled: true, locationContextEnabled: true, mobileEmulationEnabled: false, nativeEvents: true, networkConnectionEnabled: false, pageLoadStrategy: normal, platform: XP, platformName: XP, rotatable: false, setWindowRect: true, takesHeapSnapshot: true, takesScreenshot: true, unexpectedAlertBehaviour: , unhandledPromptBehavior: , version: 87.0.4280.88, webStorageEnabled: true}
Session ID: be75133ee755ad98edfc6bdd3c064c2a
	at org.openqa.selenium.support.ui.WebDriverWait.timeoutException(WebDriverWait.java:113)
	at org.openqa.selenium.support.ui.FluentWait.until(FluentWait.java:283)
	at com.platformX.page.UgovoriPage.dodajUgovor(UgovoriPage.java:354)
	at com.platformX.tests.QA_020_Neuspjesno_Dodavanje_Ugovora_Test7.qa_020_nesupjesno_dodavanje_ugovora_test7(QA_020_Neuspjesno_Dodavanje_Ugovora_Test7.java:28)
... Removed 25 stack frames</pre></div><a href='#' onClick='toggleBox("stack-trace279697743", this, "Click to show all stack frames", "Click to hide stack frames")'>Click to show all stack frames</a>
<div class='stack-trace' id='stack-trace279697743'><pre>org.openqa.selenium.TimeoutException: Expected condition failed: waiting for visibility of [[ChromeDriver: chrome on XP (be75133ee755ad98edfc6bdd3c064c2a)] -&gt; xpath: //body/div/div[10]/div/div/div] (tried for 30 second(s) with 500 milliseconds interval)
Build info: version: &apos;3.14.0&apos;, revision: &apos;aacccce0&apos;, time: &apos;2018-08-02T20:19:58.91Z&apos;
System info: host: &apos;LAPTOP-D8GBQRP8&apos;, ip: &apos;192.168.88.35&apos;, os.name: &apos;Windows 10&apos;, os.arch: &apos;amd64&apos;, os.version: &apos;10.0&apos;, java.version: &apos;1.8.0_261&apos;
Driver info: org.openqa.selenium.chrome.ChromeDriver
Capabilities {acceptInsecureCerts: false, acceptSslCerts: false, applicationCacheEnabled: false, browserConnectionEnabled: false, browserName: chrome, chrome: {chromedriverVersion: 2.42.591088 (7b2b2dca23cca0..., userDataDir: C:\Users\User\AppData\Local...}, cssSelectorsEnabled: true, databaseEnabled: false, goog:chromeOptions: {debuggerAddress: localhost:50294}, handlesAlerts: true, hasTouchScreen: false, javascriptEnabled: true, locationContextEnabled: true, mobileEmulationEnabled: false, nativeEvents: true, networkConnectionEnabled: false, pageLoadStrategy: normal, platform: XP, platformName: XP, rotatable: false, setWindowRect: true, takesHeapSnapshot: true, takesScreenshot: true, unexpectedAlertBehaviour: , unhandledPromptBehavior: , version: 87.0.4280.88, webStorageEnabled: true}
Session ID: be75133ee755ad98edfc6bdd3c064c2a
	at org.openqa.selenium.support.ui.WebDriverWait.timeoutException(WebDriverWait.java:113)
	at org.openqa.selenium.support.ui.FluentWait.until(FluentWait.java:283)
	at com.platformX.page.UgovoriPage.dodajUgovor(UgovoriPage.java:354)
	at com.platformX.tests.QA_020_Neuspjesno_Dodavanje_Ugovora_Test7.qa_020_nesupjesno_dodavanje_ugovora_test7(QA_020_Neuspjesno_Dodavanje_Ugovora_Test7.java:28)
	at sun.reflect.NativeMethodAccessorImpl.invoke0(Native Method)
	at sun.reflect.NativeMethodAccessorImpl.invoke(Unknown Source)
	at sun.reflect.DelegatingMethodAccessorImpl.invoke(Unknown Source)
	at java.lang.reflect.Method.invoke(Unknown Source)
	at org.testng.internal.MethodInvocationHelper.invokeMethod(MethodInvocationHelper.java:108)
	at org.testng.internal.Invoker.invokeMethod(Invoker.java:661)
	at org.testng.internal.Invoker.invokeTestMethod(Invoker.java:869)
	at org.testng.internal.Invoker.invokeTestMethods(Invoker.java:1193)
	at org.testng.internal.TestMethodWorker.invokeTestMethods(TestMethodWorker.java:126)
	at org.testng.internal.TestMethodWorker.run(TestMethodWorker.java:109)
	at org.testng.TestRunner.privateRun(TestRunner.java:744)
	at org.testng.TestRunner.run(TestRunner.java:602)
	at org.testng.SuiteRunner.runTest(SuiteRunner.java:380)
	at org.testng.SuiteRunner.runSequentially(SuiteRunner.java:375)
	at org.testng.SuiteRunner.privateRun(SuiteRunner.java:340)
	at org.testng.SuiteRunner.run(SuiteRunner.java:289)
	at org.testng.SuiteRunnerWorker.runSuite(SuiteRunnerWorker.java:52)
	at org.testng.SuiteRunnerWorker.run(SuiteRunnerWorker.java:86)
	at org.testng.TestNG.runSuitesSequentially(TestNG.java:1301)
	at org.testng.TestNG.runSuitesLocally(TestNG.java:1226)
	at org.testng.TestNG.runSuites(TestNG.java:1144)
	at org.testng.TestNG.run(TestNG.java:1115)
	at org.testng.remote.AbstractRemoteTestNG.run(AbstractRemoteTestNG.java:115)
	at org.testng.remote.RemoteTestNG.initAndRun(RemoteTestNG.java:251)
	at org.testng.remote.RemoteTestNG.main(RemoteTestNG.java:77)
</pre></div></td>
<td>75</td>
<td>com.platformX.tests.QA_020_Neuspjesno_Dodavanje_Ugovora_Test7@271053e1</td></tr>
</table><p>
<table width='100%' border='1' class='invocation-passed'>
<tr><td colspan='4' align='center'><b>PASSED TESTS</b></td></tr>
<tr><td><b>Test method</b></td>
<td width="30%"><b>Exception</b></td>
<td width="10%"><b>Time (seconds)</b></td>
<td><b>Instance</b></td>
</tr>
<tr>
<td title='com.platformX.tests.QA_014_Neuspjesno_Dodavanje_Ugovora_Test1.qa_014_neuspjesno_dodavanje_ugovora_test1()'><b>qa_014_neuspjesno_dodavanje_ugovora_test1</b><br>Test class: com.platformX.tests.QA_014_Neuspjesno_Dodavanje_Ugovora_Test1</td>
<td></td>
<td>90</td>
<td>com.platformX.tests.QA_014_Neuspjesno_Dodavanje_Ugovora_Test1@598067a5</td></tr>
<tr>
<td title='com.platformX.tests.QA_015_Neuspjesno_Dodavanje_Ugovora_Test2.qa_015_nesupjesno_dodavanje_ugovora_test2()'><b>qa_015_nesupjesno_dodavanje_ugovora_test2</b><br>Test class: com.platformX.tests.QA_015_Neuspjesno_Dodavanje_Ugovora_Test2</td>
<td></td>
<td>50</td>
<td>com.platformX.tests.QA_015_Neuspjesno_Dodavanje_Ugovora_Test2@3c0ecd4b</td></tr>
<tr>
<td title='com.platformX.tests.QA_016_Neuspjesno_Dodavanje_Ugovora_Test3.qa_016_nesupjesno_dodavanje_ugovora_test3()'><b>qa_016_nesupjesno_dodavanje_ugovora_test3</b><br>Test class: com.platformX.tests.QA_016_Neuspjesno_Dodavanje_Ugovora_Test3</td>
<td></td>
<td>29</td>
<td>com.platformX.tests.QA_016_Neuspjesno_Dodavanje_Ugovora_Test3@14bf9759</td></tr>
<tr>
<td title='com.platformX.tests.QA_017_Neuspjesno_Dodavanje_Ugovora_Test4.qa_017_nesupjesno_dodavanje_ugovora_test4()'><b>qa_017_nesupjesno_dodavanje_ugovora_test4</b><br>Test class: com.platformX.tests.QA_017_Neuspjesno_Dodavanje_Ugovora_Test4</td>
<td></td>
<td>44</td>
<td>com.platformX.tests.QA_017_Neuspjesno_Dodavanje_Ugovora_Test4@5f341870</td></tr>
<tr>
<td title='com.platformX.tests.QA_018_Neuspjesno_Dodavanje_Ugovora_Test5.qa_018_nesupjesno_dodavanje_ugovora_test5()'><b>qa_018_nesupjesno_dodavanje_ugovora_test5</b><br>Test class: com.platformX.tests.QA_018_Neuspjesno_Dodavanje_Ugovora_Test5</td>
<td></td>
<td>43</td>
<td>com.platformX.tests.QA_018_Neuspjesno_Dodavanje_Ugovora_Test5@553f17c</td></tr>
<tr>
<td title='com.platformX.tests.QA_019_Neuspjesno_Dodavanje_Ugovora_Test6.qa_018_nesupjesno_dodavanje_ugovora_test5()'><b>qa_018_nesupjesno_dodavanje_ugovora_test5</b><br>Test class: com.platformX.tests.QA_019_Neuspjesno_Dodavanje_Ugovora_Test6</td>
<td></td>
<td>62</td>
<td>com.platformX.tests.QA_019_Neuspjesno_Dodavanje_Ugovora_Test6@4f7d0008</td></tr>
<tr>
<td title='com.platformX.tests.QA_021_Provjera_Validacija_Na_Ugovoru_Test1.qa_021_provjera_validacija_na_ugovoru_test1()'><b>qa_021_provjera_validacija_na_ugovoru_test1</b><br>Test class: com.platformX.tests.QA_021_Provjera_Validacija_Na_Ugovoru_Test1</td>
<td></td>
<td>32</td>
<td>com.platformX.tests.QA_021_Provjera_Validacija_Na_Ugovoru_Test1@589838eb</td></tr>
<tr>
<td title='com.platformX.tests.QA_022_Provjera_Validacija_Na_Ugovoru_Test2.qa_021_provjera_validacija_na_ugovoru_test1()'><b>qa_021_provjera_validacija_na_ugovoru_test1</b><br>Test class: com.platformX.tests.QA_022_Provjera_Validacija_Na_Ugovoru_Test2</td>
<td></td>
<td>35</td>
<td>com.platformX.tests.QA_022_Provjera_Validacija_Na_Ugovoru_Test2@42dafa95</td></tr>
</table><p>
</body>
</html>