<?xml version="1.0" encoding="UTF-8"?>
<!-- Generated by org.testng.reporters.JUnitXMLReporter -->
<testsuite hostname="LAPTOP-D8GBQRP8" ignored="0" name="Ugovori validacije" tests="9" failures="1" timestamp="12 dec 2020 07:32:57 GMT" time="517.677" errors="0">
  <testcase name="qa_014_neuspjesno_dodavanje_ugovora_test1" time="90.067" classname="com.platformX.tests.QA_014_Neuspjesno_Dodavanje_Ugovora_Test1"/>
  <testcase name="qa_015_nesupjesno_dodavanje_ugovora_test2" time="50.332" classname="com.platformX.tests.QA_015_Neuspjesno_Dodavanje_Ugovora_Test2"/>
  <testcase name="qa_016_nesupjesno_dodavanje_ugovora_test3" time="29.007" classname="com.platformX.tests.QA_016_Neuspjesno_Dodavanje_Ugovora_Test3"/>
  <testcase name="qa_017_nesupjesno_dodavanje_ugovora_test4" time="44.317" classname="com.platformX.tests.QA_017_Neuspjesno_Dodavanje_Ugovora_Test4"/>
  <testcase name="qa_018_nesupjesno_dodavanje_ugovora_test5" time="43.722" classname="com.platformX.tests.QA_018_Neuspjesno_Dodavanje_Ugovora_Test5"/>
  <testcase name="qa_018_nesupjesno_dodavanje_ugovora_test5" time="62.72" classname="com.platformX.tests.QA_019_Neuspjesno_Dodavanje_Ugovora_Test6"/>
  <testcase name="qa_020_nesupjesno_dodavanje_ugovora_test7" time="75.961" classname="com.platformX.tests.QA_020_Neuspjesno_Dodavanje_Ugovora_Test7">
    <failure type="org.openqa.selenium.TimeoutException" message="Expected condition failed: waiting for visibility of [[ChromeDriver: chrome on XP (be75133ee755ad98edfc6bdd3c064c2a)] -&amp;gt; xpath: //body/div/div[10]/div/div/div] (tried for 30 second(s) with 500 milliseconds interval)
Build info: version: &amp;apos;3.14.0&amp;apos;, revision: &amp;apos;aacccce0&amp;apos;, time: &amp;apos;2018-08-02T20:19:58.91Z&amp;apos;
System info: host: &amp;apos;LAPTOP-D8GBQRP8&amp;apos;, ip: &amp;apos;192.168.88.35&amp;apos;, os.name: &amp;apos;Windows 10&amp;apos;, os.arch: &amp;apos;amd64&amp;apos;, os.version: &amp;apos;10.0&amp;apos;, java.version: &amp;apos;1.8.0_261&amp;apos;
Driver info: org.openqa.selenium.chrome.ChromeDriver
Capabilities {acceptInsecureCerts: false, acceptSslCerts: false, applicationCacheEnabled: false, browserConnectionEnabled: false, browserName: chrome, chrome: {chromedriverVersion: 2.42.591088 (7b2b2dca23cca0..., userDataDir: C:\Users\User\AppData\Local...}, cssSelectorsEnabled: true, databaseEnabled: false, goog:chromeOptions: {debuggerAddress: localhost:50294}, handlesAlerts: true, hasTouchScreen: false, javascriptEnabled: true, locationContextEnabled: true, mobileEmulationEnabled: false, nativeEvents: true, networkConnectionEnabled: false, pageLoadStrategy: normal, platform: XP, platformName: XP, rotatable: false, setWindowRect: true, takesHeapSnapshot: true, takesScreenshot: true, unexpectedAlertBehaviour: , unhandledPromptBehavior: , version: 87.0.4280.88, webStorageEnabled: true}
Session ID: be75133ee755ad98edfc6bdd3c064c2a">
      <![CDATA[org.openqa.selenium.TimeoutException: Expected condition failed: waiting for visibility of [[ChromeDriver: chrome on XP (be75133ee755ad98edfc6bdd3c064c2a)] -> xpath: //body/div/div[10]/div/div/div] (tried for 30 second(s) with 500 milliseconds interval)
Build info: version: '3.14.0', revision: 'aacccce0', time: '2018-08-02T20:19:58.91Z'
System info: host: 'LAPTOP-D8GBQRP8', ip: '192.168.88.35', os.name: 'Windows 10', os.arch: 'amd64', os.version: '10.0', java.version: '1.8.0_261'
Driver info: org.openqa.selenium.chrome.ChromeDriver
Capabilities {acceptInsecureCerts: false, acceptSslCerts: false, applicationCacheEnabled: false, browserConnectionEnabled: false, browserName: chrome, chrome: {chromedriverVersion: 2.42.591088 (7b2b2dca23cca0..., userDataDir: C:\Users\User\AppData\Local...}, cssSelectorsEnabled: true, databaseEnabled: false, goog:chromeOptions: {debuggerAddress: localhost:50294}, handlesAlerts: true, hasTouchScreen: false, javascriptEnabled: true, locationContextEnabled: true, mobileEmulationEnabled: false, nativeEvents: true, networkConnectionEnabled: false, pageLoadStrategy: normal, platform: XP, platformName: XP, rotatable: false, setWindowRect: true, takesHeapSnapshot: true, takesScreenshot: true, unexpectedAlertBehaviour: , unhandledPromptBehavior: , version: 87.0.4280.88, webStorageEnabled: true}
Session ID: be75133ee755ad98edfc6bdd3c064c2a
	at org.openqa.selenium.support.ui.WebDriverWait.timeoutException(WebDriverWait.java:113)
	at org.openqa.selenium.support.ui.FluentWait.until(FluentWait.java:283)
	at com.platformX.page.UgovoriPage.dodajUgovor(UgovoriPage.java:354)
	at com.platformX.tests.QA_020_Neuspjesno_Dodavanje_Ugovora_Test7.qa_020_nesupjesno_dodavanje_ugovora_test7(QA_020_Neuspjesno_Dodavanje_Ugovora_Test7.java:28)
... Removed 25 stack frames]]>
    </failure>
  </testcase> <!-- qa_020_nesupjesno_dodavanje_ugovora_test7 -->
  <testcase name="qa_021_provjera_validacija_na_ugovoru_test1" time="32.062" classname="com.platformX.tests.QA_021_Provjera_Validacija_Na_Ugovoru_Test1"/>
  <testcase name="qa_021_provjera_validacija_na_ugovoru_test1" time="35.756" classname="com.platformX.tests.QA_022_Provjera_Validacija_Na_Ugovoru_Test2"/>
</testsuite> <!-- Ugovori validacije -->
