<?xml version="1.0" encoding="UTF-8"?>
<!-- Generated by org.testng.reporters.JUnitXMLReporter -->
<testsuite hostname="LAPTOP-D8GBQRP8" ignored="0" name="Svi testovi" tests="38" failures="7" timestamp="28 mar 2021 09:29:57 GMT" time="1505.23" errors="0">
  <testcase name="qa_001_logIn_logOut_test" time="11.082" classname="com.platformX.tests.QA_001_LogIn_LogOut_Test"/>
  <testcase name="qa_002_verifikacije_sekcije_sifarnici_test" time="28.294" classname="com.platformX.tests.QA_002_Verifikacija_Sekcije_Sifarnici_Test"/>
  <testcase name="qa_003_verifikacije_sekcije_tarifni_sistem_test" time="25.046" classname="com.platformX.tests.QA_003_Verifikacija_Sekcije_Tarifni_Sistem_Test">
    <failure type="org.openqa.selenium.TimeoutException" message="Expected condition failed: waiting for element to be clickable: Proxy element for: DefaultElementLocator &amp;apos;By.xpath: //div[contains(text(), &amp;apos;Tarifne kategorije&amp;apos;)]&amp;apos; (tried for 10 second(s) with 500 milliseconds interval)">
      <![CDATA[org.openqa.selenium.TimeoutException: Expected condition failed: waiting for element to be clickable: Proxy element for: DefaultElementLocator 'By.xpath: //div[contains(text(), 'Tarifne kategorije')]' (tried for 10 second(s) with 500 milliseconds interval)
	at org.openqa.selenium.support.ui.WebDriverWait.timeoutException(WebDriverWait.java:113)
	at org.openqa.selenium.support.ui.FluentWait.until(FluentWait.java:283)
	at com.platformX.page.PocetnaStranica.navigateToTarifneKategorije(PocetnaStranica.java:391)
	at com.platformX.tests.QA_003_Verifikacija_Sekcije_Tarifni_Sistem_Test.qa_003_verifikacije_sekcije_tarifni_sistem_test(QA_003_Verifikacija_Sekcije_Tarifni_Sistem_Test.java:32)
Caused by: org.openqa.selenium.NoSuchElementException: no such element: Unable to locate element: {"method":"xpath","selector":"//div[contains(text(), 'Tarifne kategorije')]"}
  (Session info: chrome=89.0.4389.90)
  (Driver info: chromedriver=2.42.591088 (7b2b2dca23cca0862f674758c9a3933e685c27d5),platform=Windows NT 10.0.19042 x86_64) (WARNING: The server did not provide any stacktrace information)
Command duration or timeout: 0 milliseconds
For documentation on this error, please visit: http://seleniumhq.org/exceptions/no_such_element.html
Build info: version: '3.14.0', revision: 'aacccce0', time: '2018-08-02T20:19:58.91Z'
System info: host: 'LAPTOP-D8GBQRP8', ip: '192.168.255.105', os.name: 'Windows 10', os.arch: 'amd64', os.version: '10.0', java.version: '1.8.0_261'
Driver info: org.openqa.selenium.chrome.ChromeDriver
Capabilities {acceptInsecureCerts: false, acceptSslCerts: false, applicationCacheEnabled: false, browserConnectionEnabled: false, browserName: chrome, chrome: {chromedriverVersion: 2.42.591088 (7b2b2dca23cca0..., userDataDir: C:\Users\User\AppData\Local...}, cssSelectorsEnabled: true, databaseEnabled: false, goog:chromeOptions: {debuggerAddress: localhost:59559}, handlesAlerts: true, hasTouchScreen: false, javascriptEnabled: true, locationContextEnabled: true, mobileEmulationEnabled: false, nativeEvents: true, networkConnectionEnabled: false, pageLoadStrategy: normal, platform: XP, platformName: XP, rotatable: false, setWindowRect: true, takesHeapSnapshot: true, takesScreenshot: true, unexpectedAlertBehaviour: , unhandledPromptBehavior: , version: 89.0.4389.90, webStorageEnabled: true}
Session ID: 68e692c560ffb13b04f92aee665c6952
*** Element info: {Using=xpath, value=//div[contains(text(), 'Tarifne kategorije')]}
	at org.openqa.selenium.remote.ErrorHandler.createThrowable(ErrorHandler.java:214)
	at org.openqa.selenium.remote.ErrorHandler.throwIfResponseFailed(ErrorHandler.java:166)
	at org.openqa.selenium.remote.http.JsonHttpResponseCodec.reconstructValue(JsonHttpResponseCodec.java:40)
	at org.openqa.selenium.remote.http.AbstractHttpResponseCodec.decode(AbstractHttpResponseCodec.java:80)
	at org.openqa.selenium.remote.http.AbstractHttpResponseCodec.decode(AbstractHttpResponseCodec.java:44)
	at org.openqa.selenium.remote.HttpCommandExecutor.execute(HttpCommandExecutor.java:158)
	at org.openqa.selenium.remote.service.DriverCommandExecutor.execute(DriverCommandExecutor.java:83)
	at org.openqa.selenium.remote.RemoteWebDriver.execute(RemoteWebDriver.java:548)
	at org.openqa.selenium.remote.RemoteWebDriver.findElement(RemoteWebDriver.java:322)
	at org.openqa.selenium.remote.RemoteWebDriver.findElementByXPath(RemoteWebDriver.java:424)
	at org.openqa.selenium.By$ByXPath.findElement(By.java:353)
	at org.openqa.selenium.remote.RemoteWebDriver.findElement(RemoteWebDriver.java:314)
	at org.openqa.selenium.support.pagefactory.DefaultElementLocator.findElement(DefaultElementLocator.java:69)
	at org.openqa.selenium.support.pagefactory.internal.LocatingElementHandler.invoke(LocatingElementHandler.java:38)
	at com.sun.proxy.$Proxy11.isDisplayed(Unknown Source)
	at org.openqa.selenium.support.ui.ExpectedConditions.elementIfVisible(ExpectedConditions.java:315)
	at org.openqa.selenium.support.ui.ExpectedConditions.access$100(ExpectedConditions.java:44)
	at org.openqa.selenium.support.ui.ExpectedConditions$10.apply(ExpectedConditions.java:301)
	at org.openqa.selenium.support.ui.ExpectedConditions$10.apply(ExpectedConditions.java:298)
	at org.openqa.selenium.support.ui.ExpectedConditions$23.apply(ExpectedConditions.java:686)
	at org.openqa.selenium.support.ui.ExpectedConditions$23.apply(ExpectedConditions.java:682)
	at org.openqa.selenium.support.ui.FluentWait.until(FluentWait.java:260)
	... 27 more
... Removed 29 stack frames]]>
    </failure>
  </testcase> <!-- qa_003_verifikacije_sekcije_tarifni_sistem_test -->
  <testcase name="qa_004_verifikacija_sekcije_kupci_test" time="17.814" classname="com.platformX.tests.QA_004_Verifikacija_Sekcije_Kupci_Test">
    <failure type="java.lang.AssertionError" message="ZahtjeviZaDostavuPodataka: Broj kolona nije dobar!  expected [true] but found [false]">
      <![CDATA[java.lang.AssertionError: ZahtjeviZaDostavuPodataka: Broj kolona nije dobar!  expected [true] but found [false]
	at com.platformX.page.ZahtjeviZaDostavuPodatakaPage.verifikujZahtjeveZaDostavuPodataka(ZahtjeviZaDostavuPodatakaPage.java:24)
	at com.platformX.tests.QA_004_Verifikacija_Sekcije_Kupci_Test.qa_004_verifikacija_sekcije_kupci_test(QA_004_Verifikacija_Sekcije_Kupci_Test.java:45)
... Removed 28 stack frames]]>
    </failure>
  </testcase> <!-- qa_004_verifikacija_sekcije_kupci_test -->
  <testcase name="qa_005_verifikacija_sekcije_mjerna_mjesta_test" time="17.509" classname="com.platformX.tests.QA_005_Verifikacija_Sekcije_Mjerna_Mjesta_Test"/>
  <testcase name="qa_006_verifikacija_sekcije_obracun_test" time="22.238" classname="com.platformX.tests.QA_006_Verifikacija_Sekcije_Obracun_Test"/>
  <testcase name="qa_007_verifikacija_sekcije_finansije_test" time="17.545" classname="com.platformX.tests.QA_007_Verifikacija_Sekcije_Finansije_Test">
    <failure type="java.lang.AssertionError" message="Banke: Broj kolona nije dobar!  expected [true] but found [false]">
      <![CDATA[java.lang.AssertionError: Banke: Broj kolona nije dobar!  expected [true] but found [false]
	at com.platformX.page.BankePage.verifikujBankeStranicu(BankePage.java:47)
	at com.platformX.tests.QA_007_Verifikacija_Sekcije_Finansije_Test.qa_007_verifikacija_sekcije_finansije_test(QA_007_Verifikacija_Sekcije_Finansije_Test.java:48)
... Removed 28 stack frames]]>
    </failure>
  </testcase> <!-- qa_007_verifikacija_sekcije_finansije_test -->
  <testcase name="qa_008_dodavanje_banke_test" time="14.531" classname="com.platformX.tests.QA_008_Dodavanje_Banke_Test"/>
  <testcase name="qa_008_verifikacija_sekcije_pravni_odnosi_test" time="19.579" classname="com.platformX.tests.QA_008_Verifikacija_Sekcije_Pravni_Odnosi_Test">
    <failure type="org.openqa.selenium.TimeoutException" message="Expected condition failed: waiting for element to be clickable: [[ChromeDriver: chrome on XP (bb840b823c3ae0aaed949e12de103f0f)] -&amp;gt; xpath: //div[contains(text(), &amp;apos;Opomene&amp;apos;)]] (tried for 10 second(s) with 500 milliseconds interval)
Build info: version: &amp;apos;3.14.0&amp;apos;, revision: &amp;apos;aacccce0&amp;apos;, time: &amp;apos;2018-08-02T20:19:58.91Z&amp;apos;
System info: host: &amp;apos;LAPTOP-D8GBQRP8&amp;apos;, ip: &amp;apos;192.168.255.105&amp;apos;, os.name: &amp;apos;Windows 10&amp;apos;, os.arch: &amp;apos;amd64&amp;apos;, os.version: &amp;apos;10.0&amp;apos;, java.version: &amp;apos;1.8.0_261&amp;apos;
Driver info: org.openqa.selenium.chrome.ChromeDriver
Capabilities {acceptInsecureCerts: false, acceptSslCerts: false, applicationCacheEnabled: false, browserConnectionEnabled: false, browserName: chrome, chrome: {chromedriverVersion: 2.42.591088 (7b2b2dca23cca0..., userDataDir: C:\Users\User\AppData\Local...}, cssSelectorsEnabled: true, databaseEnabled: false, goog:chromeOptions: {debuggerAddress: localhost:59757}, handlesAlerts: true, hasTouchScreen: false, javascriptEnabled: true, locationContextEnabled: true, mobileEmulationEnabled: false, nativeEvents: true, networkConnectionEnabled: false, pageLoadStrategy: normal, platform: XP, platformName: XP, rotatable: false, setWindowRect: true, takesHeapSnapshot: true, takesScreenshot: true, unexpectedAlertBehaviour: , unhandledPromptBehavior: , version: 89.0.4389.90, webStorageEnabled: true}
Session ID: bb840b823c3ae0aaed949e12de103f0f">
      <![CDATA[org.openqa.selenium.TimeoutException: Expected condition failed: waiting for element to be clickable: [[ChromeDriver: chrome on XP (bb840b823c3ae0aaed949e12de103f0f)] -> xpath: //div[contains(text(), 'Opomene')]] (tried for 10 second(s) with 500 milliseconds interval)
Build info: version: '3.14.0', revision: 'aacccce0', time: '2018-08-02T20:19:58.91Z'
System info: host: 'LAPTOP-D8GBQRP8', ip: '192.168.255.105', os.name: 'Windows 10', os.arch: 'amd64', os.version: '10.0', java.version: '1.8.0_261'
Driver info: org.openqa.selenium.chrome.ChromeDriver
Capabilities {acceptInsecureCerts: false, acceptSslCerts: false, applicationCacheEnabled: false, browserConnectionEnabled: false, browserName: chrome, chrome: {chromedriverVersion: 2.42.591088 (7b2b2dca23cca0..., userDataDir: C:\Users\User\AppData\Local...}, cssSelectorsEnabled: true, databaseEnabled: false, goog:chromeOptions: {debuggerAddress: localhost:59757}, handlesAlerts: true, hasTouchScreen: false, javascriptEnabled: true, locationContextEnabled: true, mobileEmulationEnabled: false, nativeEvents: true, networkConnectionEnabled: false, pageLoadStrategy: normal, platform: XP, platformName: XP, rotatable: false, setWindowRect: true, takesHeapSnapshot: true, takesScreenshot: true, unexpectedAlertBehaviour: , unhandledPromptBehavior: , version: 89.0.4389.90, webStorageEnabled: true}
Session ID: bb840b823c3ae0aaed949e12de103f0f
	at org.openqa.selenium.support.ui.WebDriverWait.timeoutException(WebDriverWait.java:113)
	at org.openqa.selenium.support.ui.FluentWait.until(FluentWait.java:283)
	at com.platformX.page.PocetnaStranica.navigateToOpomene(PocetnaStranica.java:786)
	at com.platformX.tests.QA_008_Verifikacija_Sekcije_Pravni_Odnosi_Test.qa_008_verifikacija_sekcije_pravni_odnosi_test(QA_008_Verifikacija_Sekcije_Pravni_Odnosi_Test.java:34)
... Removed 25 stack frames]]>
    </failure>
  </testcase> <!-- qa_008_verifikacija_sekcije_pravni_odnosi_test -->
  <testcase name="qa_009_dodavanje_ziro_racuna_test" time="23.697" classname="com.platformX.tests.QA_009_Dodavanje_Ziro_Racuna_Test"/>
  <testcase name="qa_010_dodavanje_dnevnika_uplata_test" time="45.89" classname="com.platformX.tests.QA_010_Dodavanje_Dnevnika_Uplata_Test"/>
  <testcase name="qa_011_dodavanje_uplata_poziv_na_broj_test1" time="52.822" classname="com.platformX.tests.QA_011_Dodavanje_Uplate_Poziv_Na_Broj_Test1"/>
  <testcase name="qa_011_dodavanje_uplate_test" time="51.469" classname="com.platformX.tests.QA_011_Dodavanje_Uplate_Test"/>
  <testcase name="qa_012_dodavanje_uplate_poziv_na_broj_test2" time="49.05" classname="com.platformX.tests.QA_012_Dodavanje_Uplate_Poziv_Na_Broj_Test2">
    <failure type="org.openqa.selenium.TimeoutException" message="Expected condition failed: waiting for element to be clickable: [[ChromeDriver: chrome on XP (a53c96ec13b47b408c27328c2d8d669d)] -&amp;gt; xpath: //div[contains(text(), &amp;apos;Banke&amp;apos;)]] (tried for 40 second(s) with 500 milliseconds interval)
Build info: version: &amp;apos;3.14.0&amp;apos;, revision: &amp;apos;aacccce0&amp;apos;, time: &amp;apos;2018-08-02T20:19:58.91Z&amp;apos;
System info: host: &amp;apos;LAPTOP-D8GBQRP8&amp;apos;, ip: &amp;apos;192.168.255.105&amp;apos;, os.name: &amp;apos;Windows 10&amp;apos;, os.arch: &amp;apos;amd64&amp;apos;, os.version: &amp;apos;10.0&amp;apos;, java.version: &amp;apos;1.8.0_261&amp;apos;
Driver info: org.openqa.selenium.chrome.ChromeDriver
Capabilities {acceptInsecureCerts: false, acceptSslCerts: false, applicationCacheEnabled: false, browserConnectionEnabled: false, browserName: chrome, chrome: {chromedriverVersion: 2.42.591088 (7b2b2dca23cca0..., userDataDir: C:\Users\User\AppData\Local...}, cssSelectorsEnabled: true, databaseEnabled: false, goog:chromeOptions: {debuggerAddress: localhost:59969}, handlesAlerts: true, hasTouchScreen: false, javascriptEnabled: true, locationContextEnabled: true, mobileEmulationEnabled: false, nativeEvents: true, networkConnectionEnabled: false, pageLoadStrategy: normal, platform: XP, platformName: XP, rotatable: false, setWindowRect: true, takesHeapSnapshot: true, takesScreenshot: true, unexpectedAlertBehaviour: , unhandledPromptBehavior: , version: 89.0.4389.90, webStorageEnabled: true}
Session ID: a53c96ec13b47b408c27328c2d8d669d">
      <![CDATA[org.openqa.selenium.TimeoutException: Expected condition failed: waiting for element to be clickable: [[ChromeDriver: chrome on XP (a53c96ec13b47b408c27328c2d8d669d)] -> xpath: //div[contains(text(), 'Banke')]] (tried for 40 second(s) with 500 milliseconds interval)
Build info: version: '3.14.0', revision: 'aacccce0', time: '2018-08-02T20:19:58.91Z'
System info: host: 'LAPTOP-D8GBQRP8', ip: '192.168.255.105', os.name: 'Windows 10', os.arch: 'amd64', os.version: '10.0', java.version: '1.8.0_261'
Driver info: org.openqa.selenium.chrome.ChromeDriver
Capabilities {acceptInsecureCerts: false, acceptSslCerts: false, applicationCacheEnabled: false, browserConnectionEnabled: false, browserName: chrome, chrome: {chromedriverVersion: 2.42.591088 (7b2b2dca23cca0..., userDataDir: C:\Users\User\AppData\Local...}, cssSelectorsEnabled: true, databaseEnabled: false, goog:chromeOptions: {debuggerAddress: localhost:59969}, handlesAlerts: true, hasTouchScreen: false, javascriptEnabled: true, locationContextEnabled: true, mobileEmulationEnabled: false, nativeEvents: true, networkConnectionEnabled: false, pageLoadStrategy: normal, platform: XP, platformName: XP, rotatable: false, setWindowRect: true, takesHeapSnapshot: true, takesScreenshot: true, unexpectedAlertBehaviour: , unhandledPromptBehavior: , version: 89.0.4389.90, webStorageEnabled: true}
Session ID: a53c96ec13b47b408c27328c2d8d669d
	at org.openqa.selenium.support.ui.WebDriverWait.timeoutException(WebDriverWait.java:113)
	at org.openqa.selenium.support.ui.FluentWait.until(FluentWait.java:283)
	at com.platformX.page.PocetnaStranica.navigateToBanke(PocetnaStranica.java:750)
	at com.platformX.tests.QA_012_Dodavanje_Uplate_Poziv_Na_Broj_Test2.qa_012_dodavanje_uplate_poziv_na_broj_test2(QA_012_Dodavanje_Uplate_Poziv_Na_Broj_Test2.java:27)
... Removed 25 stack frames]]>
    </failure>
  </testcase> <!-- qa_012_dodavanje_uplate_poziv_na_broj_test2 -->
  <testcase name="qa_013_dodavanje_radne_jedinice_test" time="12.117" classname="com.platformX.tests.QA_013_Dodavanje_Radne_Jedinice_Test"/>
  <testcase name="qa_014_dodavanje_operativnog_podrucja_test" time="13.034" classname="com.platformX.tests.QA_014_Dodavanje_Operativnog_Podrucja_Test"/>
  <testcase name="qa_015_dodavanje_uplate_sa_kupcem_test" time="50.365" classname="com.platformX.tests.QA_015_Dodavanje_Uplate_Sa_Kupcem_Test"/>
  <testcase name="qa_016_preknjizavanje_dnevnika_uplata_test" time="50.333" classname="com.platformX.tests.QA_016_Preknjizavanje_Dnevnika_Uplata_Test"/>
  <testcase name="qa_017_dodavanje_pravnog_lica_test" time="17.303" classname="com.platformX.tests.QA_017_Dodavanje_Pravnog_Lica_Test"/>
  <testcase name="qa_018_dodavanje_ugovora_test" time="38.413" classname="com.platformX.tests.QA_018_Dodavanje_Ugovora_Test"/>
  <testcase name="qa_019_neuspjesno_dodavanje_ugovora_test1" time="53.938" classname="com.platformX.tests.QA_019_Neuspjesno_Dodavanje_Ugovora_Test1"/>
  <testcase name="qa_021_nesupjesno_dodavanje_ugovora_test3" time="68.449" classname="com.platformX.tests.QA_021_Neuspjesno_Dodavanje_Ugovora_Test3">
    <failure type="org.openqa.selenium.TimeoutException" message="Expected condition failed: waiting for visibility of [[ChromeDriver: chrome on XP (0c18d2f6284e71898723d5b70714f06f)] -&amp;gt; xpath: //div[contains(@class, &amp;apos;v-list-item__title&amp;apos;) and starts-with(., &amp;apos;78000 - Banja Luka&amp;apos;)]] (tried for 30 second(s) with 500 milliseconds interval)">
      <![CDATA[org.openqa.selenium.TimeoutException: Expected condition failed: waiting for visibility of [[ChromeDriver: chrome on XP (0c18d2f6284e71898723d5b70714f06f)] -> xpath: //div[contains(@class, 'v-list-item__title') and starts-with(., '78000 - Banja Luka')]] (tried for 30 second(s) with 500 milliseconds interval)
	at org.openqa.selenium.support.ui.WebDriverWait.timeoutException(WebDriverWait.java:113)
	at org.openqa.selenium.support.ui.FluentWait.until(FluentWait.java:283)
	at com.platformX.page.UgovoriPage.dodajUgovor(UgovoriPage.java:507)
	at com.platformX.tests.QA_021_Neuspjesno_Dodavanje_Ugovora_Test3.qa_021_nesupjesno_dodavanje_ugovora_test3(QA_021_Neuspjesno_Dodavanje_Ugovora_Test3.java:35)
Caused by: org.openqa.selenium.NoSuchElementException: no such element: Unable to locate element: {"method":"xpath","selector":"//div[contains(@class, 'v-list-item__title') and starts-with(., '78000 - Banja Luka')]"}
  (Session info: chrome=89.0.4389.90)
  (Driver info: chromedriver=2.42.591088 (7b2b2dca23cca0862f674758c9a3933e685c27d5),platform=Windows NT 10.0.19042 x86_64) (WARNING: The server did not provide any stacktrace information)
Command duration or timeout: 0 milliseconds
For documentation on this error, please visit: http://seleniumhq.org/exceptions/no_such_element.html
Build info: version: '3.14.0', revision: 'aacccce0', time: '2018-08-02T20:19:58.91Z'
System info: host: 'LAPTOP-D8GBQRP8', ip: '192.168.255.105', os.name: 'Windows 10', os.arch: 'amd64', os.version: '10.0', java.version: '1.8.0_261'
Driver info: org.openqa.selenium.chrome.ChromeDriver
Capabilities {acceptInsecureCerts: false, acceptSslCerts: false, applicationCacheEnabled: false, browserConnectionEnabled: false, browserName: chrome, chrome: {chromedriverVersion: 2.42.591088 (7b2b2dca23cca0..., userDataDir: C:\Users\User\AppData\Local...}, cssSelectorsEnabled: true, databaseEnabled: false, goog:chromeOptions: {debuggerAddress: localhost:60239}, handlesAlerts: true, hasTouchScreen: false, javascriptEnabled: true, locationContextEnabled: true, mobileEmulationEnabled: false, nativeEvents: true, networkConnectionEnabled: false, pageLoadStrategy: normal, platform: XP, platformName: XP, rotatable: false, setWindowRect: true, takesHeapSnapshot: true, takesScreenshot: true, unexpectedAlertBehaviour: , unhandledPromptBehavior: , version: 89.0.4389.90, webStorageEnabled: true}
Session ID: 0c18d2f6284e71898723d5b70714f06f
*** Element info: {Using=xpath, value=//div[contains(@class, 'v-list-item__title') and starts-with(., '78000 - Banja Luka')]}
	at org.openqa.selenium.remote.ErrorHandler.createThrowable(ErrorHandler.java:214)
	at org.openqa.selenium.remote.ErrorHandler.throwIfResponseFailed(ErrorHandler.java:166)
	at org.openqa.selenium.remote.http.JsonHttpResponseCodec.reconstructValue(JsonHttpResponseCodec.java:40)
	at org.openqa.selenium.remote.http.AbstractHttpResponseCodec.decode(AbstractHttpResponseCodec.java:80)
	at org.openqa.selenium.remote.http.AbstractHttpResponseCodec.decode(AbstractHttpResponseCodec.java:44)
	at org.openqa.selenium.remote.HttpCommandExecutor.execute(HttpCommandExecutor.java:158)
	at org.openqa.selenium.remote.service.DriverCommandExecutor.execute(DriverCommandExecutor.java:83)
	at org.openqa.selenium.remote.RemoteWebDriver.execute(RemoteWebDriver.java:548)
	at org.openqa.selenium.remote.RemoteWebDriver.findElement(RemoteWebDriver.java:322)
	at org.openqa.selenium.remote.RemoteWebDriver.findElementByXPath(RemoteWebDriver.java:424)
	at org.openqa.selenium.By$ByXPath.findElement(By.java:353)
	at org.openqa.selenium.remote.RemoteWebDriver.findElement(RemoteWebDriver.java:314)
	at org.openqa.selenium.support.pagefactory.DefaultElementLocator.findElement(DefaultElementLocator.java:69)
	at org.openqa.selenium.support.pagefactory.internal.LocatingElementHandler.invoke(LocatingElementHandler.java:38)
	at com.sun.proxy.$Proxy11.isDisplayed(Unknown Source)
	at org.openqa.selenium.support.ui.ExpectedConditions.elementIfVisible(ExpectedConditions.java:315)
	at org.openqa.selenium.support.ui.ExpectedConditions.access$100(ExpectedConditions.java:44)
	at org.openqa.selenium.support.ui.ExpectedConditions$10.apply(ExpectedConditions.java:301)
	at org.openqa.selenium.support.ui.ExpectedConditions$10.apply(ExpectedConditions.java:298)
	at org.openqa.selenium.support.ui.FluentWait.until(FluentWait.java:260)
	... 27 more
... Removed 29 stack frames]]>
    </failure>
  </testcase> <!-- qa_021_nesupjesno_dodavanje_ugovora_test3 -->
  <testcase name="qa_023_nesupjesno_dodavanje_ugovora_test5" time="35.898" classname="com.platformX.tests.QA_023_Neuspjesno_Dodavanje_Ugovora_Test5"/>
  <testcase name="qa_024_nesupjesno_dodavanje_ugovora_test6" time="36.64" classname="com.platformX.tests.QA_024_Neuspjesno_Dodavanje_Ugovora_Test6"/>
  <testcase name="qa_025_dodavanje_potpisanog_ugovora_test" time="29.391" classname="com.platformX.tests.QA_025_Dodavanje_Potpisanog_Ugovora_Test"/>
  <testcase name="qa_026_provjera_validacija_na_ugovoru_test1" time="14.325" classname="com.platformX.tests.QA_026_Provjera_Validacija_Na_Ugovoru_Test1"/>
  <testcase name="qa_027_provjera_validacija_na_ugovoru_test2" time="22.601" classname="com.platformX.tests.QA_027_Provjera_Validacija_Na_Ugovoru_Test2"/>
  <testcase name="qa_028_izmjena_ugovora_test" time="48.624" classname="com.platformX.tests.QA_028_Izmjena_Ugovora_Test"/>
  <testcase name="qa_029_provjera_validacija_na_izmjeni_ugovora_test" time="67.885" classname="com.platformX.tests.QA_029_Provjera_Validacija_Na_Izmjeni_Ugovora_Test">
    <failure type="org.openqa.selenium.TimeoutException" message="Expected condition failed: waiting for visibility of Proxy element for: DefaultElementLocator &amp;apos;By.xpath: //div[contains(@class, &amp;apos;v-list-item__title&amp;apos;) and starts-with(., &amp;apos;64102459 - SK009281150R&amp;apos;)]&amp;apos; (tried for 30 second(s) with 500 milliseconds interval)">
      <![CDATA[org.openqa.selenium.TimeoutException: Expected condition failed: waiting for visibility of Proxy element for: DefaultElementLocator 'By.xpath: //div[contains(@class, 'v-list-item__title') and starts-with(., '64102459 - SK009281150R')]' (tried for 30 second(s) with 500 milliseconds interval)
	at org.openqa.selenium.support.ui.WebDriverWait.timeoutException(WebDriverWait.java:113)
	at org.openqa.selenium.support.ui.FluentWait.until(FluentWait.java:283)
	at com.platformX.page.UgovoriPage.dodajPotpisanUgovor(UgovoriPage.java:798)
	at com.platformX.tests.QA_029_Provjera_Validacija_Na_Izmjeni_Ugovora_Test.qa_029_provjera_validacija_na_izmjeni_ugovora_test(QA_029_Provjera_Validacija_Na_Izmjeni_Ugovora_Test.java:26)
Caused by: org.openqa.selenium.NoSuchElementException: no such element: Unable to locate element: {"method":"xpath","selector":"//div[contains(@class, 'v-list-item__title') and starts-with(., '64102459 - SK009281150R')]"}
  (Session info: chrome=89.0.4389.90)
  (Driver info: chromedriver=2.42.591088 (7b2b2dca23cca0862f674758c9a3933e685c27d5),platform=Windows NT 10.0.19042 x86_64) (WARNING: The server did not provide any stacktrace information)
Command duration or timeout: 0 milliseconds
For documentation on this error, please visit: http://seleniumhq.org/exceptions/no_such_element.html
Build info: version: '3.14.0', revision: 'aacccce0', time: '2018-08-02T20:19:58.91Z'
System info: host: 'LAPTOP-D8GBQRP8', ip: '192.168.255.105', os.name: 'Windows 10', os.arch: 'amd64', os.version: '10.0', java.version: '1.8.0_261'
Driver info: org.openqa.selenium.chrome.ChromeDriver
Capabilities {acceptInsecureCerts: false, acceptSslCerts: false, applicationCacheEnabled: false, browserConnectionEnabled: false, browserName: chrome, chrome: {chromedriverVersion: 2.42.591088 (7b2b2dca23cca0..., userDataDir: C:\Users\User\AppData\Local...}, cssSelectorsEnabled: true, databaseEnabled: false, goog:chromeOptions: {debuggerAddress: localhost:60550}, handlesAlerts: true, hasTouchScreen: false, javascriptEnabled: true, locationContextEnabled: true, mobileEmulationEnabled: false, nativeEvents: true, networkConnectionEnabled: false, pageLoadStrategy: normal, platform: XP, platformName: XP, rotatable: false, setWindowRect: true, takesHeapSnapshot: true, takesScreenshot: true, unexpectedAlertBehaviour: , unhandledPromptBehavior: , version: 89.0.4389.90, webStorageEnabled: true}
Session ID: 2dd9b3cd38c6c9cef90f2969a18b609d
*** Element info: {Using=xpath, value=//div[contains(@class, 'v-list-item__title') and starts-with(., '64102459 - SK009281150R')]}
	at org.openqa.selenium.remote.ErrorHandler.createThrowable(ErrorHandler.java:214)
	at org.openqa.selenium.remote.ErrorHandler.throwIfResponseFailed(ErrorHandler.java:166)
	at org.openqa.selenium.remote.http.JsonHttpResponseCodec.reconstructValue(JsonHttpResponseCodec.java:40)
	at org.openqa.selenium.remote.http.AbstractHttpResponseCodec.decode(AbstractHttpResponseCodec.java:80)
	at org.openqa.selenium.remote.http.AbstractHttpResponseCodec.decode(AbstractHttpResponseCodec.java:44)
	at org.openqa.selenium.remote.HttpCommandExecutor.execute(HttpCommandExecutor.java:158)
	at org.openqa.selenium.remote.service.DriverCommandExecutor.execute(DriverCommandExecutor.java:83)
	at org.openqa.selenium.remote.RemoteWebDriver.execute(RemoteWebDriver.java:548)
	at org.openqa.selenium.remote.RemoteWebDriver.findElement(RemoteWebDriver.java:322)
	at org.openqa.selenium.remote.RemoteWebDriver.findElementByXPath(RemoteWebDriver.java:424)
	at org.openqa.selenium.By$ByXPath.findElement(By.java:353)
	at org.openqa.selenium.remote.RemoteWebDriver.findElement(RemoteWebDriver.java:314)
	at org.openqa.selenium.support.pagefactory.DefaultElementLocator.findElement(DefaultElementLocator.java:69)
	at org.openqa.selenium.support.pagefactory.internal.LocatingElementHandler.invoke(LocatingElementHandler.java:38)
	at com.sun.proxy.$Proxy11.isDisplayed(Unknown Source)
	at org.openqa.selenium.support.ui.ExpectedConditions.elementIfVisible(ExpectedConditions.java:315)
	at org.openqa.selenium.support.ui.ExpectedConditions.access$100(ExpectedConditions.java:44)
	at org.openqa.selenium.support.ui.ExpectedConditions$10.apply(ExpectedConditions.java:301)
	at org.openqa.selenium.support.ui.ExpectedConditions$10.apply(ExpectedConditions.java:298)
	at org.openqa.selenium.support.ui.FluentWait.until(FluentWait.java:260)
	... 27 more
... Removed 29 stack frames]]>
    </failure>
  </testcase> <!-- qa_029_provjera_validacija_na_izmjeni_ugovora_test -->
  <testcase name="qa_032_deaktivacija_ugovora_test" time="45.105" classname="com.platformX.tests.QA_032_Deaktivacija_Ugovora_Test"/>
  <testcase name="qa_033_neuspjesna_deaktivacija_ugovora_test" time="42.878" classname="com.platformX.tests.QA_033_Neuspjesna_Deaktivacija_Ugovora_Test"/>
  <testcase name="qa_034_odbacivanje_ugovora_test" time="37.681" classname="com.platformX.tests.QA_034_Odbacivanje_Ugovora_Test"/>
  <testcase name="qa_035_ukljucivanje_ugovora_test" time="44.982" classname="com.platformX.tests.QA_035_Ukljucivanje_Ugovora_Test"/>
  <testcase name="qa_036_neuspjesno_ukljucivanje_ugovora_test" time="45.456" classname="com.platformX.tests.QA_036_Neuspjesno_Ukljucivanje_Ugovora_Test"/>
  <testcase name="qa_037_iskljucivanje_ugovora_test" time="41.902" classname="com.platformX.tests.QA_037_Iskljucivanje_Ugovora_Test"/>
  <testcase name="qa_038_neuspjesno_iskljucivanje_ugovora_test" time="41.286" classname="com.platformX.tests.QA_038_Neuspjesno_Iskljucivanje_Ugovora_Test"/>
  <testcase name="qa_039_neuspjesno_odbacivanje_ugovora_test" time="15.502" classname="com.platformX.tests.QA_039_Neuspjesno_Odbacivanje_Ugovora_Test"/>
  <testcase name="qa_040_provjera_validacija_na_preregistraciji_ugovora_test" time="14.177" classname="com.platformX.tests.QA_040_Provjera_Validacija_Na_Preregistraciji_Ugovora_Test"/>
</testsuite> <!-- Svi testovi -->
